Analysis & Synthesis report for SystemBus
Tue Oct 24 15:28:51 2023
Quartus Prime Version 16.1.0 Build 196 10/24/2016 SJ Lite Edition


---------------------
; Table of Contents ;
---------------------
  1. Legal Notice
  2. Analysis & Synthesis Summary
  3. Analysis & Synthesis Settings
  4. Parallel Compilation
  5. Analysis & Synthesis Messages
  6. Analysis & Synthesis Suppressed Messages



----------------
; Legal Notice ;
----------------
Copyright (C) 2016  Intel Corporation. All rights reserved.
Your use of Intel Corporation's design tools, logic functions 
and other software and tools, and its AMPP partner logic 
functions, and any output files from any of the foregoing 
(including device programming or simulation files), and any 
associated documentation or information are expressly subject 
to the terms and conditions of the Intel Program License 
Subscription Agreement, the Intel Quartus Prime License Agreement,
the Intel MegaCore Function License Agreement, or other 
applicable license agreement, including, without limitation, 
that your use is for the sole purpose of programming logic 
devices manufactured by Intel and sold by Intel or its 
authorized distributors.  Please refer to the applicable 
agreement for further details.



+----------------------------------------------------------------------------------+
; Analysis & Synthesis Summary                                                     ;
+------------------------------------+---------------------------------------------+
; Analysis & Synthesis Status        ; Failed - Tue Oct 24 15:28:51 2023           ;
; Quartus Prime Version              ; 16.1.0 Build 196 10/24/2016 SJ Lite Edition ;
; Revision Name                      ; SystemBus                                   ;
; Top-level Entity Name              ; SystemBus                                   ;
; Family                             ; Cyclone IV E                                ;
; Total logic elements               ; N/A until Partition Merge                   ;
;     Total combinational functions  ; N/A until Partition Merge                   ;
;     Dedicated logic registers      ; N/A until Partition Merge                   ;
; Total registers                    ; N/A until Partition Merge                   ;
; Total pins                         ; N/A until Partition Merge                   ;
; Total virtual pins                 ; N/A until Partition Merge                   ;
; Total memory bits                  ; N/A until Partition Merge                   ;
; Embedded Multiplier 9-bit elements ; N/A until Partition Merge                   ;
; Total PLLs                         ; N/A until Partition Merge                   ;
+------------------------------------+---------------------------------------------+


+----------------------------------------------------------------------------------------------------------------------+
; Analysis & Synthesis Settings                                                                                        ;
+----------------------------------------------------------------------------+--------------------+--------------------+
; Option                                                                     ; Setting            ; Default Value      ;
+----------------------------------------------------------------------------+--------------------+--------------------+
; Device                                                                     ; EP4CE115F29I7      ;                    ;
; Top-level entity name                                                      ; SystemBus          ; SystemBus          ;
; Family name                                                                ; Cyclone IV E       ; Cyclone V          ;
; Use smart compilation                                                      ; Off                ; Off                ;
; Enable parallel Assembler and TimeQuest Timing Analyzer during compilation ; On                 ; On                 ;
; Enable compact report table                                                ; Off                ; Off                ;
; Restructure Multiplexers                                                   ; Auto               ; Auto               ;
; Create Debugging Nodes for IP Cores                                        ; Off                ; Off                ;
; Preserve fewer node names                                                  ; On                 ; On                 ;
; OpenCore Plus hardware evaluation                                          ; Enable             ; Enable             ;
; Verilog Version                                                            ; Verilog_2001       ; Verilog_2001       ;
; VHDL Version                                                               ; VHDL_1993          ; VHDL_1993          ;
; State Machine Processing                                                   ; Auto               ; Auto               ;
; Safe State Machine                                                         ; Off                ; Off                ;
; Extract Verilog State Machines                                             ; On                 ; On                 ;
; Extract VHDL State Machines                                                ; On                 ; On                 ;
; Ignore Verilog initial constructs                                          ; Off                ; Off                ;
; Iteration limit for constant Verilog loops                                 ; 5000               ; 5000               ;
; Iteration limit for non-constant Verilog loops                             ; 250                ; 250                ;
; Add Pass-Through Logic to Inferred RAMs                                    ; On                 ; On                 ;
; Infer RAMs from Raw Logic                                                  ; On                 ; On                 ;
; Parallel Synthesis                                                         ; On                 ; On                 ;
; DSP Block Balancing                                                        ; Auto               ; Auto               ;
; NOT Gate Push-Back                                                         ; On                 ; On                 ;
; Power-Up Don't Care                                                        ; On                 ; On                 ;
; Remove Redundant Logic Cells                                               ; Off                ; Off                ;
; Remove Duplicate Registers                                                 ; On                 ; On                 ;
; Ignore CARRY Buffers                                                       ; Off                ; Off                ;
; Ignore CASCADE Buffers                                                     ; Off                ; Off                ;
; Ignore GLOBAL Buffers                                                      ; Off                ; Off                ;
; Ignore ROW GLOBAL Buffers                                                  ; Off                ; Off                ;
; Ignore LCELL Buffers                                                       ; Off                ; Off                ;
; Ignore SOFT Buffers                                                        ; On                 ; On                 ;
; Limit AHDL Integers to 32 Bits                                             ; Off                ; Off                ;
; Optimization Technique                                                     ; Balanced           ; Balanced           ;
; Carry Chain Length                                                         ; 70                 ; 70                 ;
; Auto Carry Chains                                                          ; On                 ; On                 ;
; Auto Open-Drain Pins                                                       ; On                 ; On                 ;
; Perform WYSIWYG Primitive Resynthesis                                      ; Off                ; Off                ;
; Auto ROM Replacement                                                       ; On                 ; On                 ;
; Auto RAM Replacement                                                       ; On                 ; On                 ;
; Auto DSP Block Replacement                                                 ; On                 ; On                 ;
; Auto Shift Register Replacement                                            ; Auto               ; Auto               ;
; Allow Shift Register Merging across Hierarchies                            ; Auto               ; Auto               ;
; Auto Clock Enable Replacement                                              ; On                 ; On                 ;
; Strict RAM Replacement                                                     ; Off                ; Off                ;
; Allow Synchronous Control Signals                                          ; On                 ; On                 ;
; Force Use of Synchronous Clear Signals                                     ; Off                ; Off                ;
; Auto RAM Block Balancing                                                   ; On                 ; On                 ;
; Auto RAM to Logic Cell Conversion                                          ; Off                ; Off                ;
; Auto Resource Sharing                                                      ; Off                ; Off                ;
; Allow Any RAM Size For Recognition                                         ; Off                ; Off                ;
; Allow Any ROM Size For Recognition                                         ; Off                ; Off                ;
; Allow Any Shift Register Size For Recognition                              ; Off                ; Off                ;
; Use LogicLock Constraints during Resource Balancing                        ; On                 ; On                 ;
; Ignore translate_off and synthesis_off directives                          ; Off                ; Off                ;
; Timing-Driven Synthesis                                                    ; On                 ; On                 ;
; Report Parameter Settings                                                  ; On                 ; On                 ;
; Report Source Assignments                                                  ; On                 ; On                 ;
; Report Connectivity Checks                                                 ; On                 ; On                 ;
; Ignore Maximum Fan-Out Assignments                                         ; Off                ; Off                ;
; Synchronization Register Chain Length                                      ; 2                  ; 2                  ;
; PowerPlay Power Optimization During Synthesis                              ; Normal compilation ; Normal compilation ;
; HDL message level                                                          ; Level2             ; Level2             ;
; Suppress Register Optimization Related Messages                            ; Off                ; Off                ;
; Number of Removed Registers Reported in Synthesis Report                   ; 5000               ; 5000               ;
; Number of Swept Nodes Reported in Synthesis Report                         ; 5000               ; 5000               ;
; Number of Inverted Registers Reported in Synthesis Report                  ; 100                ; 100                ;
; Clock MUX Protection                                                       ; On                 ; On                 ;
; Auto Gated Clock Conversion                                                ; Off                ; Off                ;
; Block Design Naming                                                        ; Auto               ; Auto               ;
; SDC constraint protection                                                  ; Off                ; Off                ;
; Synthesis Effort                                                           ; Auto               ; Auto               ;
; Shift Register Replacement - Allow Asynchronous Clear Signal               ; On                 ; On                 ;
; Pre-Mapping Resynthesis Optimization                                       ; Off                ; Off                ;
; Analysis & Synthesis Message Level                                         ; Medium             ; Medium             ;
; Disable Register Merging Across Hierarchies                                ; Auto               ; Auto               ;
; Resource Aware Inference For Block RAM                                     ; On                 ; On                 ;
+----------------------------------------------------------------------------+--------------------+--------------------+


+------------------------------------------+
; Parallel Compilation                     ;
+----------------------------+-------------+
; Processors                 ; Number      ;
+----------------------------+-------------+
; Number detected on machine ; 16          ;
; Maximum allowed            ; 16          ;
;                            ;             ;
; Average used               ; 1.00        ;
; Maximum used               ; 1           ;
;                            ;             ;
; Usage by Processor         ; % Time Used ;
;     Processor 1            ; 100.0%      ;
+----------------------------+-------------+


+-------------------------------+
; Analysis & Synthesis Messages ;
+-------------------------------+
Info: *******************************************************************
Info: Running Quartus Prime Analysis & Synthesis
    Info: Version 16.1.0 Build 196 10/24/2016 SJ Lite Edition
    Info: Processing started: Tue Oct 24 15:28:34 2023
Info: Command: quartus_map --read_settings_files=on --write_settings_files=off SystemBus -c SystemBus
Warning (18236): Number of processors has not been specified which may cause overloading on shared machines.  Set the global assignment NUM_PARALLEL_PROCESSORS in your QSF to an appropriate value for best performance.
Info (20030): Parallel compilation is enabled and will use 16 of the 16 processors detected
Info (12021): Found 1 design units, including 1 entities, in source file /academics/sem7/ads/system bus design/serial-bus/bus_interconnet/bus_interconnet.srcs/sources_1/new/interconn_wrapper.sv
    Info (12023): Found entity 1: InterConn_Wrapper File: D:/ACADEMICS/Sem7/ADS/System Bus design/Serial-Bus/BUS_Interconnet/BUS_Interconnet.srcs/sources_1/new/InterConn_Wrapper.sv Line: 1
Info (12021): Found 1 design units, including 1 entities, in source file /academics/sem7/ads/system bus design/serial-bus/bus_interconnet/bus_interconnet.srcs/sources_1/new/interconn_multiplexer.sv
    Info (12023): Found entity 1: InterConn_Multiplexer File: D:/ACADEMICS/Sem7/ADS/System Bus design/Serial-Bus/BUS_Interconnet/BUS_Interconnet.srcs/sources_1/new/InterConn_Multiplexer.sv Line: 1
Info (12021): Found 1 design units, including 1 entities, in source file /academics/sem7/ads/system bus design/serial-bus/bus_interconnet/bus_interconnet.srcs/sources_1/new/interconn_arbitter.sv
    Info (12023): Found entity 1: InterConn_Arbitter File: D:/ACADEMICS/Sem7/ADS/System Bus design/Serial-Bus/BUS_Interconnet/BUS_Interconnet.srcs/sources_1/new/InterConn_Arbitter.sv Line: 1
Info (12021): Found 1 design units, including 1 entities, in source file /academics/sem7/ads/system bus design/serial-bus/source code/master/master_port.sv
    Info (12023): Found entity 1: master_port File: D:/ACADEMICS/Sem7/ADS/System Bus design/Serial-Bus/Source Code/Master/master_port.sv Line: 1
Info (12021): Found 1 design units, including 1 entities, in source file /academics/sem7/ads/system bus design/serial-bus/source code/master/master_out_port.sv
    Info (12023): Found entity 1: master_out_port File: D:/ACADEMICS/Sem7/ADS/System Bus design/Serial-Bus/Source Code/Master/master_out_port.sv Line: 1
Info (12021): Found 1 design units, including 1 entities, in source file /academics/sem7/ads/system bus design/serial-bus/source code/master/master_in_port.sv
    Info (12023): Found entity 1: master_in_port File: D:/ACADEMICS/Sem7/ADS/System Bus design/Serial-Bus/Source Code/Master/master_in_port.sv Line: 21
Info (12021): Found 1 design units, including 1 entities, in source file /academics/sem7/ads/system bus design/serial-bus/source code/slave/slave_wrapper.sv
    Info (12023): Found entity 1: slave_wrapper File: D:/ACADEMICS/Sem7/ADS/System Bus design/Serial-Bus/Source Code/Slave/slave_wrapper.sv Line: 1
Info (12021): Found 1 design units, including 1 entities, in source file /academics/sem7/ads/system bus design/serial-bus/source code/slave/slave_port.sv
    Info (12023): Found entity 1: slave_port File: D:/ACADEMICS/Sem7/ADS/System Bus design/Serial-Bus/Source Code/Slave/slave_port.sv Line: 1
Info (12021): Found 1 design units, including 1 entities, in source file /academics/sem7/ads/system bus design/serial-bus/source code/slave/slave_out_port.sv
    Info (12023): Found entity 1: slave_out_port File: D:/ACADEMICS/Sem7/ADS/System Bus design/Serial-Bus/Source Code/Slave/slave_out_port.sv Line: 1
Info (12021): Found 1 design units, including 1 entities, in source file /academics/sem7/ads/system bus design/serial-bus/source code/slave/slave_in_port.sv
    Info (12023): Found entity 1: slave_in_port File: D:/ACADEMICS/Sem7/ADS/System Bus design/Serial-Bus/Source Code/Slave/slave_in_port.sv Line: 1
Info (12021): Found 1 design units, including 1 entities, in source file /academics/sem7/ads/system bus design/serial-bus/source code/slave/bram.sv
    Info (12023): Found entity 1: BRAM File: D:/ACADEMICS/Sem7/ADS/System Bus design/Serial-Bus/Source Code/Slave/BRAM.sv Line: 5
Info (12021): Found 1 design units, including 1 entities, in source file systembus.sv
    Info (12023): Found entity 1: SystemBus File: D:/ACADEMICS/Sem7/ADS/System Bus design/Serial-Bus/Top Module/SystemBus.sv Line: 1
Warning (10236): Verilog HDL Implicit Net warning at slave_out_port.sv(15): created implicit net for "handshake" File: D:/ACADEMICS/Sem7/ADS/System Bus design/Serial-Bus/Source Code/Slave/slave_out_port.sv Line: 15
Warning (10236): Verilog HDL Implicit Net warning at slave_in_port.sv(26): created implicit net for "handshake" File: D:/ACADEMICS/Sem7/ADS/System Bus design/Serial-Bus/Source Code/Slave/slave_in_port.sv Line: 26
Warning (10236): Verilog HDL Implicit Net warning at SystemBus.sv(103): created implicit net for "clk" File: D:/ACADEMICS/Sem7/ADS/System Bus design/Serial-Bus/Top Module/SystemBus.sv Line: 103
Warning (10222): Verilog HDL Parameter Declaration warning at master_in_port.sv(56): Parameter Declaration in module "master_in_port" behaves as a Local Parameter Declaration because the module has a Module Parameter Port List File: D:/ACADEMICS/Sem7/ADS/System Bus design/Serial-Bus/Source Code/Master/master_in_port.sv Line: 56
Warning (10222): Verilog HDL Parameter Declaration warning at master_out_port.sv(59): Parameter Declaration in module "master_out_port" behaves as a Local Parameter Declaration because the module has a Module Parameter Port List File: D:/ACADEMICS/Sem7/ADS/System Bus design/Serial-Bus/Source Code/Master/master_out_port.sv Line: 59
Warning (10222): Verilog HDL Parameter Declaration warning at master_out_port.sv(60): Parameter Declaration in module "master_out_port" behaves as a Local Parameter Declaration because the module has a Module Parameter Port List File: D:/ACADEMICS/Sem7/ADS/System Bus design/Serial-Bus/Source Code/Master/master_out_port.sv Line: 60
Info (12127): Elaborating entity "SystemBus" for the top level hierarchy
Warning (10230): Verilog HDL assignment warning at SystemBus.sv(110): truncated value with size 32 to match size of target (1) File: D:/ACADEMICS/Sem7/ADS/System Bus design/Serial-Bus/Top Module/SystemBus.sv Line: 110
Warning (10230): Verilog HDL assignment warning at SystemBus.sv(111): truncated value with size 32 to match size of target (1) File: D:/ACADEMICS/Sem7/ADS/System Bus design/Serial-Bus/Top Module/SystemBus.sv Line: 111
Warning (10230): Verilog HDL assignment warning at SystemBus.sv(112): truncated value with size 32 to match size of target (1) File: D:/ACADEMICS/Sem7/ADS/System Bus design/Serial-Bus/Top Module/SystemBus.sv Line: 112
Warning (10230): Verilog HDL assignment warning at SystemBus.sv(113): truncated value with size 32 to match size of target (1) File: D:/ACADEMICS/Sem7/ADS/System Bus design/Serial-Bus/Top Module/SystemBus.sv Line: 113
Info (12128): Elaborating entity "InterConn_Wrapper" for hierarchy "InterConn_Wrapper:BUS" File: D:/ACADEMICS/Sem7/ADS/System Bus design/Serial-Bus/Top Module/SystemBus.sv Line: 244
Info (12128): Elaborating entity "InterConn_Arbitter" for hierarchy "InterConn_Wrapper:BUS|InterConn_Arbitter:Arbitter1" File: D:/ACADEMICS/Sem7/ADS/System Bus design/Serial-Bus/BUS_Interconnet/BUS_Interconnet.srcs/sources_1/new/InterConn_Wrapper.sv Line: 80
Error (10028): Can't resolve multiple constant drivers for net "M1_GRANT" at InterConn_Arbitter.sv(124) File: D:/ACADEMICS/Sem7/ADS/System Bus design/Serial-Bus/BUS_Interconnet/BUS_Interconnet.srcs/sources_1/new/InterConn_Arbitter.sv Line: 124
Error (10029): Constant driver at InterConn_Arbitter.sv(59) File: D:/ACADEMICS/Sem7/ADS/System Bus design/Serial-Bus/BUS_Interconnet/BUS_Interconnet.srcs/sources_1/new/InterConn_Arbitter.sv Line: 59
Error (12152): Can't elaborate user hierarchy "InterConn_Wrapper:BUS|InterConn_Arbitter:Arbitter1" File: D:/ACADEMICS/Sem7/ADS/System Bus design/Serial-Bus/BUS_Interconnet/BUS_Interconnet.srcs/sources_1/new/InterConn_Wrapper.sv Line: 80
Info (144001): Generated suppressed messages file D:/ACADEMICS/Sem7/ADS/System Bus design/Serial-Bus/Top Module/output_files/SystemBus.map.smsg
Error: Quartus Prime Analysis & Synthesis was unsuccessful. 3 errors, 11 warnings
    Error: Peak virtual memory: 4710 megabytes
    Error: Processing ended: Tue Oct 24 15:28:51 2023
    Error: Elapsed time: 00:00:17
    Error: Total CPU time (on all processors): 00:00:06


+------------------------------------------+
; Analysis & Synthesis Suppressed Messages ;
+------------------------------------------+
The suppressed messages can be found in D:/ACADEMICS/Sem7/ADS/System Bus design/Serial-Bus/Top Module/output_files/SystemBus.map.smsg.


