INFO: [VRFC 10-2263] Analyzing Verilog file "D:/ACADEMICS/Sem7/ADS/System_Bus_Zybo/System_Bus_Zybo.sim/sim_1/synth/func/xsim/Top_tb_func_synth.v" into library xil_defaultlib
INFO: [VRFC 10-311] analyzing module BRAM
INFO: [VRFC 10-311] analyzing module InterConn_Arbitter
INFO: [VRFC 10-311] analyzing module InterConn_Wrapper
INFO: [VRFC 10-311] analyzing module Top
INFO: [VRFC 10-311] analyzing module event_handler
INFO: [VRFC 10-311] analyzing module event_handler_8
INFO: [VRFC 10-311] analyzing module input_commands
INFO: [VRFC 10-311] analyzing module master_in_port
INFO: [VRFC 10-311] analyzing module master_in_port_9
INFO: [VRFC 10-311] analyzing module master_module
INFO: [VRFC 10-311] analyzing module master_module_0
INFO: [VRFC 10-311] analyzing module master_out_port
INFO: [VRFC 10-311] analyzing module master_out_port_10
INFO: [VRFC 10-311] analyzing module master_port
INFO: [VRFC 10-311] analyzing module master_port_7
INFO: [VRFC 10-311] analyzing module scaledclock
INFO: [VRFC 10-311] analyzing module slave_in_port
INFO: [VRFC 10-311] analyzing module slave_in_port_2
INFO: [VRFC 10-311] analyzing module slave_in_port_5
INFO: [VRFC 10-311] analyzing module slave_out_port
INFO: [VRFC 10-311] analyzing module slave_out_port_3
INFO: [VRFC 10-311] analyzing module slave_out_port_6
INFO: [VRFC 10-311] analyzing module slave_port
INFO: [VRFC 10-311] analyzing module slave_port_1
INFO: [VRFC 10-311] analyzing module slave_port_4
INFO: [VRFC 10-311] analyzing module slave_wrapper
INFO: [VRFC 10-311] analyzing module slave_wrapper__xdcDup__1
INFO: [VRFC 10-311] analyzing module slave_wrapper__xdcDup__2
INFO: [VRFC 10-311] analyzing module BRAM_blk_mem_gen_generic_cstr
INFO: [VRFC 10-311] analyzing module BRAM_blk_mem_gen_prim_width
INFO: [VRFC 10-311] analyzing module BRAM_blk_mem_gen_prim_wrapper_init
INFO: [VRFC 10-311] analyzing module BRAM_blk_mem_gen_top
INFO: [VRFC 10-311] analyzing module BRAM_blk_mem_gen_v8_4_6
INFO: [VRFC 10-311] analyzing module BRAM_blk_mem_gen_v8_4_6_synth
INFO: [VRFC 10-311] analyzing module glbl
